<?xml version="1.0" encoding="UTF-8"?>
<robot generator="Robot 4.0 (Python 3.7.5 on linux)" generated="20210630 21:27:02.534" rpa="false" schemaversion="2">
<suite id="s1" name="TestSitePractice" source="/home/antonio/projetos/particulares/suiterobotsiteautomationpractice/tests/TestSitePractice.robot">
<test id="s1-t1" name="Caso de teste 01: Pesquisar produto existente">
<kw name="Abrir navegador" library="Resource" type="SETUP">
<kw name="Open Browser" library="SeleniumLibrary">
<arg>about:blank</arg>
<arg>${BROWSER}</arg>
<doc>Opens a new browser instance to the optional ``url``.</doc>
<msg timestamp="20210630 21:27:02.704" level="INFO">Opening browser 'chrome' to base url 'about:blank'.</msg>
<status status="PASS" starttime="20210630 21:27:02.704" endtime="20210630 21:27:03.052"/>
</kw>
<status status="PASS" starttime="20210630 21:27:02.703" endtime="20210630 21:27:03.053"/>
</kw>
<kw name="Acessar pagina do site" library="Resource">
<kw name="Go To" library="SeleniumLibrary">
<arg>${URL}</arg>
<doc>Navigates the current browser window to the provided ``url``.</doc>
<msg timestamp="20210630 21:27:03.054" level="INFO">Opening url 'http://automationpractice.com'</msg>
<status status="PASS" starttime="20210630 21:27:03.054" endtime="20210630 21:27:07.624"/>
</kw>
<kw name="Title Should Be" library="SeleniumLibrary">
<arg>My Store</arg>
<doc>Verifies that the current page title equals ``title``.</doc>
<msg timestamp="20210630 21:27:07.628" level="INFO">Page title is 'My Store'.</msg>
<status status="PASS" starttime="20210630 21:27:07.624" endtime="20210630 21:27:07.628"/>
</kw>
<status status="PASS" starttime="20210630 21:27:03.053" endtime="20210630 21:27:07.628"/>
</kw>
<kw name="Digitar o nome de produto &quot;Blouse&quot; no campo de pesquisa" library="Resource" sourcename="Digitar o nome de produto &quot;${PRODUTO}&quot; no campo de pesquisa">
<kw name="Input Text" library="SeleniumLibrary">
<arg>id=search_query_top</arg>
<arg>${PRODUTO}</arg>
<doc>Types the given ``text`` into the text field identified by ``locator``.</doc>
<msg timestamp="20210630 21:27:07.630" level="INFO">Typing text 'Blouse' into text field 'id=search_query_top'.</msg>
<status status="PASS" starttime="20210630 21:27:07.629" endtime="20210630 21:27:07.705"/>
</kw>
<status status="PASS" starttime="20210630 21:27:07.629" endtime="20210630 21:27:07.705"/>
</kw>
<kw name="Clicar no botão pesquisar" library="Resource">
<kw name="Click Element" library="SeleniumLibrary">
<arg>name=submit_search</arg>
<doc>Click the element identified by ``locator``.</doc>
<msg timestamp="20210630 21:27:07.706" level="INFO">Clicking element 'name=submit_search'.</msg>
<status status="PASS" starttime="20210630 21:27:07.706" endtime="20210630 21:27:07.756"/>
</kw>
<status status="PASS" starttime="20210630 21:27:07.705" endtime="20210630 21:27:07.756"/>
</kw>
<status status="PASS" starttime="20210630 21:27:02.702" endtime="20210630 21:27:07.757"/>
</test>
<status status="PASS" starttime="20210630 21:27:02.535" endtime="20210630 21:27:07.758"/>
</suite>
<statistics>
<total>
<stat pass="1" fail="0" skip="0">All Tests</stat>
</total>
<tag>
</tag>
<suite>
<stat pass="1" fail="0" skip="0" id="s1" name="TestSitePractice">TestSitePractice</stat>
</suite>
</statistics>
<errors>
</errors>
</robot>
